Started analysis of 10_2G_both_S8_L008_R1_001.fastq.gz
Approx 5% complete for 10_2G_both_S8_L008_R1_001.fastq.gz
Approx 10% complete for 10_2G_both_S8_L008_R1_001.fastq.gz
Approx 15% complete for 10_2G_both_S8_L008_R1_001.fastq.gz
Approx 20% complete for 10_2G_both_S8_L008_R1_001.fastq.gz
Approx 25% complete for 10_2G_both_S8_L008_R1_001.fastq.gz
Approx 30% complete for 10_2G_both_S8_L008_R1_001.fastq.gz
Approx 35% complete for 10_2G_both_S8_L008_R1_001.fastq.gz
Approx 40% complete for 10_2G_both_S8_L008_R1_001.fastq.gz
Approx 45% complete for 10_2G_both_S8_L008_R1_001.fastq.gz
Approx 50% complete for 10_2G_both_S8_L008_R1_001.fastq.gz
Approx 55% complete for 10_2G_both_S8_L008_R1_001.fastq.gz
Approx 60% complete for 10_2G_both_S8_L008_R1_001.fastq.gz
Approx 65% complete for 10_2G_both_S8_L008_R1_001.fastq.gz
Approx 70% complete for 10_2G_both_S8_L008_R1_001.fastq.gz
Approx 75% complete for 10_2G_both_S8_L008_R1_001.fastq.gz
Approx 80% complete for 10_2G_both_S8_L008_R1_001.fastq.gz
Approx 85% complete for 10_2G_both_S8_L008_R1_001.fastq.gz
Approx 90% complete for 10_2G_both_S8_L008_R1_001.fastq.gz
Approx 95% complete for 10_2G_both_S8_L008_R1_001.fastq.gz
Analysis complete for 10_2G_both_S8_L008_R1_001.fastq.gz
Started analysis of 10_2G_both_S8_L008_R2_001.fastq.gz
Approx 5% complete for 10_2G_both_S8_L008_R2_001.fastq.gz
Approx 10% complete for 10_2G_both_S8_L008_R2_001.fastq.gz
Approx 15% complete for 10_2G_both_S8_L008_R2_001.fastq.gz
Approx 20% complete for 10_2G_both_S8_L008_R2_001.fastq.gz
Approx 25% complete for 10_2G_both_S8_L008_R2_001.fastq.gz
Approx 30% complete for 10_2G_both_S8_L008_R2_001.fastq.gz
Approx 35% complete for 10_2G_both_S8_L008_R2_001.fastq.gz
Approx 40% complete for 10_2G_both_S8_L008_R2_001.fastq.gz
Approx 45% complete for 10_2G_both_S8_L008_R2_001.fastq.gz
Approx 50% complete for 10_2G_both_S8_L008_R2_001.fastq.gz
Approx 55% complete for 10_2G_both_S8_L008_R2_001.fastq.gz
Approx 60% complete for 10_2G_both_S8_L008_R2_001.fastq.gz
Approx 65% complete for 10_2G_both_S8_L008_R2_001.fastq.gz
Approx 70% complete for 10_2G_both_S8_L008_R2_001.fastq.gz
Approx 75% complete for 10_2G_both_S8_L008_R2_001.fastq.gz
Approx 80% complete for 10_2G_both_S8_L008_R2_001.fastq.gz
Approx 85% complete for 10_2G_both_S8_L008_R2_001.fastq.gz
Approx 90% complete for 10_2G_both_S8_L008_R2_001.fastq.gz
Approx 95% complete for 10_2G_both_S8_L008_R2_001.fastq.gz
Analysis complete for 10_2G_both_S8_L008_R2_001.fastq.gz
Started analysis of 31_4F_fox_S22_L008_R1_001.fastq.gz
Approx 5% complete for 31_4F_fox_S22_L008_R1_001.fastq.gz
Approx 10% complete for 31_4F_fox_S22_L008_R1_001.fastq.gz
Approx 15% complete for 31_4F_fox_S22_L008_R1_001.fastq.gz
Approx 20% complete for 31_4F_fox_S22_L008_R1_001.fastq.gz
Approx 25% complete for 31_4F_fox_S22_L008_R1_001.fastq.gz
Approx 30% complete for 31_4F_fox_S22_L008_R1_001.fastq.gz
Approx 35% complete for 31_4F_fox_S22_L008_R1_001.fastq.gz
Approx 40% complete for 31_4F_fox_S22_L008_R1_001.fastq.gz
Approx 45% complete for 31_4F_fox_S22_L008_R1_001.fastq.gz
Approx 50% complete for 31_4F_fox_S22_L008_R1_001.fastq.gz
Approx 55% complete for 31_4F_fox_S22_L008_R1_001.fastq.gz
Approx 60% complete for 31_4F_fox_S22_L008_R1_001.fastq.gz
Approx 65% complete for 31_4F_fox_S22_L008_R1_001.fastq.gz
Approx 70% complete for 31_4F_fox_S22_L008_R1_001.fastq.gz
Approx 75% complete for 31_4F_fox_S22_L008_R1_001.fastq.gz
Approx 80% complete for 31_4F_fox_S22_L008_R1_001.fastq.gz
Approx 85% complete for 31_4F_fox_S22_L008_R1_001.fastq.gz
Approx 90% complete for 31_4F_fox_S22_L008_R1_001.fastq.gz
Approx 95% complete for 31_4F_fox_S22_L008_R1_001.fastq.gz
Analysis complete for 31_4F_fox_S22_L008_R1_001.fastq.gz
Started analysis of 31_4F_fox_S22_L008_R2_001.fastq.gz
Approx 5% complete for 31_4F_fox_S22_L008_R2_001.fastq.gz
Approx 10% complete for 31_4F_fox_S22_L008_R2_001.fastq.gz
Approx 15% complete for 31_4F_fox_S22_L008_R2_001.fastq.gz
Approx 20% complete for 31_4F_fox_S22_L008_R2_001.fastq.gz
Approx 25% complete for 31_4F_fox_S22_L008_R2_001.fastq.gz
Approx 30% complete for 31_4F_fox_S22_L008_R2_001.fastq.gz
Approx 35% complete for 31_4F_fox_S22_L008_R2_001.fastq.gz
Approx 40% complete for 31_4F_fox_S22_L008_R2_001.fastq.gz
Approx 45% complete for 31_4F_fox_S22_L008_R2_001.fastq.gz
Approx 50% complete for 31_4F_fox_S22_L008_R2_001.fastq.gz
Approx 55% complete for 31_4F_fox_S22_L008_R2_001.fastq.gz
Approx 60% complete for 31_4F_fox_S22_L008_R2_001.fastq.gz
Approx 65% complete for 31_4F_fox_S22_L008_R2_001.fastq.gz
Approx 70% complete for 31_4F_fox_S22_L008_R2_001.fastq.gz
Approx 75% complete for 31_4F_fox_S22_L008_R2_001.fastq.gz
Approx 80% complete for 31_4F_fox_S22_L008_R2_001.fastq.gz
Approx 85% complete for 31_4F_fox_S22_L008_R2_001.fastq.gz
Approx 90% complete for 31_4F_fox_S22_L008_R2_001.fastq.gz
Approx 95% complete for 31_4F_fox_S22_L008_R2_001.fastq.gz
Analysis complete for 31_4F_fox_S22_L008_R2_001.fastq.gz
	Command being timed: "fastqc /projects/bgmp/shared/2017_sequencing/demultiplexed/10_2G_both_S8_L008_R1_001.fastq.gz /projects/bgmp/shared/2017_sequencing/demultiplexed/10_2G_both_S8_L008_R2_001.fastq.gz /projects/bgmp/shared/2017_sequencing/demultiplexed/31_4F_fox_S22_L008_R1_001.fastq.gz /projects/bgmp/shared/2017_sequencing/demultiplexed/31_4F_fox_S22_L008_R2_001.fastq.gz -o fastQC_output"
	User time (seconds): 1069.37
	System time (seconds): 28.72
	Percent of CPU this job got: 99%
	Elapsed (wall clock) time (h:mm:ss or m:ss): 18:20.07
	Average shared text size (kbytes): 0
	Average unshared data size (kbytes): 0
	Average stack size (kbytes): 0
	Average total size (kbytes): 0
	Maximum resident set size (kbytes): 327608
	Average resident set size (kbytes): 0
	Major (requiring I/O) page faults: 0
	Minor (reclaiming a frame) page faults: 84300
	Voluntary context switches: 59112
	Involuntary context switches: 460
	Swaps: 0
	File system inputs: 0
	File system outputs: 6544
	Socket messages sent: 0
	Socket messages received: 0
	Signals delivered: 0
	Page size (bytes): 4096
	Exit status: 0
