TrimmomaticPE: Started with arguments:
 -threads 8 /projects/bgmp/czakari2/bioinformatics/Bi623/ass/qaa/31_4F_fox_S22_L008_R1_001_AT.fastq.gz /projects/bgmp/czakari2/bioinformatics/Bi623/ass/qaa/31_4F_fox_S22_L008_R2_001_AT.fastq.gz /projects/bgmp/czakari2/bioinformatics/Bi623/ass/qaa/31_4F_fox_S22_L008_R1_001_AT_Trk.fastq.gz /projects/bgmp/czakari2/bioinformatics/Bi623/ass/qaa/31_4F_fox_S22_L008_R1_001_AT_Tro.fastq.gz /projects/bgmp/czakari2/bioinformatics/Bi623/ass/qaa/31_4F_fox_S22_L008_R2_001_AT_Trk.fastq.gz /projects/bgmp/czakari2/bioinformatics/Bi623/ass/qaa/31_4F_fox_S22_L008_R2_001_AT_Tro.fastq.gz LEADING:3 TRAILING:3 SLIDINGWINDOW:5:15 MINLEN:35
Quality encoding detected as phred33
Input Read Pairs: 3788343 Both Surviving: 3597908 (94.97%) Forward Only Surviving: 151048 (3.99%) Reverse Only Surviving: 2965 (0.08%) Dropped: 36422 (0.96%)
TrimmomaticPE: Completed successfully
	Command being timed: "trimmomatic PE -threads 8 /projects/bgmp/czakari2/bioinformatics/Bi623/ass/qaa/31_4F_fox_S22_L008_R1_001_AT.fastq.gz /projects/bgmp/czakari2/bioinformatics/Bi623/ass/qaa/31_4F_fox_S22_L008_R2_001_AT.fastq.gz /projects/bgmp/czakari2/bioinformatics/Bi623/ass/qaa/31_4F_fox_S22_L008_R1_001_AT_Trk.fastq.gz /projects/bgmp/czakari2/bioinformatics/Bi623/ass/qaa/31_4F_fox_S22_L008_R1_001_AT_Tro.fastq.gz /projects/bgmp/czakari2/bioinformatics/Bi623/ass/qaa/31_4F_fox_S22_L008_R2_001_AT_Trk.fastq.gz /projects/bgmp/czakari2/bioinformatics/Bi623/ass/qaa/31_4F_fox_S22_L008_R2_001_AT_Tro.fastq.gz LEADING:3 TRAILING:3 SLIDINGWINDOW:5:15 MINLEN:35"
	User time (seconds): 212.41
	System time (seconds): 3.68
	Percent of CPU this job got: 227%
	Elapsed (wall clock) time (h:mm:ss or m:ss): 1:34.84
	Average shared text size (kbytes): 0
	Average unshared data size (kbytes): 0
	Average stack size (kbytes): 0
	Average total size (kbytes): 0
	Maximum resident set size (kbytes): 437824
	Average resident set size (kbytes): 0
	Major (requiring I/O) page faults: 0
	Minor (reclaiming a frame) page faults: 51220
	Voluntary context switches: 43447
	Involuntary context switches: 466
	Swaps: 0
	File system inputs: 0
	File system outputs: 160
	Socket messages sent: 0
	Socket messages received: 0
	Signals delivered: 0
	Page size (bytes): 4096
	Exit status: 0
TrimmomaticPE: Started with arguments:
 -threads 8 /projects/bgmp/czakari2/bioinformatics/Bi623/ass/qaa/10_2G_both_S8_L008_R1_001_AT.fastq.gz /projects/bgmp/czakari2/bioinformatics/Bi623/ass/qaa/10_2G_both_S8_L008_R2_001_AT.fastq.gz /projects/bgmp/czakari2/bioinformatics/Bi623/ass/qaa/10_2G_both_S8_L008_R1_001_AT_Trk.fastq.gz /projects/bgmp/czakari2/bioinformatics/Bi623/ass/qaa/10_2G_both_S8_L008_R1_001_AT_Tro.fastq.gz /projects/bgmp/czakari2/bioinformatics/Bi623/ass/qaa/10_2G_both_S8_L008_R2_001_AT_Trk.fastq.gz /projects/bgmp/czakari2/bioinformatics/Bi623/ass/qaa/10_2G_both_S8_L008_R2_001_AT_Tro.fastq.gz LEADING:3 TRAILING:3 SLIDINGWINDOW:5:15 MINLEN:35
Quality encoding detected as phred33
Input Read Pairs: 81477069 Both Surviving: 77520904 (95.14%) Forward Only Surviving: 3865386 (4.74%) Reverse Only Surviving: 53289 (0.07%) Dropped: 37490 (0.05%)
TrimmomaticPE: Completed successfully
	Command being timed: "trimmomatic PE -threads 8 /projects/bgmp/czakari2/bioinformatics/Bi623/ass/qaa/10_2G_both_S8_L008_R1_001_AT.fastq.gz /projects/bgmp/czakari2/bioinformatics/Bi623/ass/qaa/10_2G_both_S8_L008_R2_001_AT.fastq.gz /projects/bgmp/czakari2/bioinformatics/Bi623/ass/qaa/10_2G_both_S8_L008_R1_001_AT_Trk.fastq.gz /projects/bgmp/czakari2/bioinformatics/Bi623/ass/qaa/10_2G_both_S8_L008_R1_001_AT_Tro.fastq.gz /projects/bgmp/czakari2/bioinformatics/Bi623/ass/qaa/10_2G_both_S8_L008_R2_001_AT_Trk.fastq.gz /projects/bgmp/czakari2/bioinformatics/Bi623/ass/qaa/10_2G_both_S8_L008_R2_001_AT_Tro.fastq.gz LEADING:3 TRAILING:3 SLIDINGWINDOW:5:15 MINLEN:35"
	User time (seconds): 4744.24
	System time (seconds): 75.14
	Percent of CPU this job got: 224%
	Elapsed (wall clock) time (h:mm:ss or m:ss): 35:51.41
	Average shared text size (kbytes): 0
	Average unshared data size (kbytes): 0
	Average stack size (kbytes): 0
	Average total size (kbytes): 0
	Maximum resident set size (kbytes): 439676
	Average resident set size (kbytes): 0
	Major (requiring I/O) page faults: 0
	Minor (reclaiming a frame) page faults: 111308
	Voluntary context switches: 890555
	Involuntary context switches: 6123
	Swaps: 0
	File system inputs: 0
	File system outputs: 2336
	Socket messages sent: 0
	Socket messages received: 0
	Signals delivered: 0
	Page size (bytes): 4096
	Exit status: 0
