	STAR --runThreadN 8 --runMode alignReads --outFilterMultimapNmax 3 --outSAMunmapped Within KeepPairs --alignIntronMax 1000000 --alignMatesGapMax 1000000 --readFilesCommand zcat --readFilesIn /projects/bgmp/czakari2/bioinformatics/Bi623/ass/qaa/10_2G_both_S8_L008_R1_001_AT_Trk.fastq.gz /projects/bgmp/czakari2/bioinformatics/Bi623/ass/qaa/10_2G_both_S8_L008_R2_001_AT_Trk.fastq.gz --genomeDir /projects/bgmp/czakari2/bioinformatics/Bi623/ass/qaa/Mus_musculus.GRCm39.dna.ens104.STAR_2.7.9a --outFileNamePrefix /projects/bgmp/czakari2/bioinformatics/Bi623/ass/qaa/star_10_2G/10_2G_
	STAR version: 2.7.9a   compiled: 2021-05-04T09:43:56-0400 vega:/home/dobin/data/STAR/STARcode/STAR.master/source
Sep 02 14:16:26 ..... started STAR run
Sep 02 14:16:26 ..... loading genome
Sep 02 14:16:37 ..... started mapping
Sep 02 14:26:12 ..... finished mapping
Sep 02 14:26:13 ..... finished successfully
	Command being timed: "STAR --runThreadN 8 --runMode alignReads --outFilterMultimapNmax 3 --outSAMunmapped Within KeepPairs --alignIntronMax 1000000 --alignMatesGapMax 1000000 --readFilesCommand zcat --readFilesIn /projects/bgmp/czakari2/bioinformatics/Bi623/ass/qaa/10_2G_both_S8_L008_R1_001_AT_Trk.fastq.gz /projects/bgmp/czakari2/bioinformatics/Bi623/ass/qaa/10_2G_both_S8_L008_R2_001_AT_Trk.fastq.gz --genomeDir /projects/bgmp/czakari2/bioinformatics/Bi623/ass/qaa/Mus_musculus.GRCm39.dna.ens104.STAR_2.7.9a --outFileNamePrefix /projects/bgmp/czakari2/bioinformatics/Bi623/ass/qaa/star_10_2G/10_2G_"
	User time (seconds): 4301.71
	System time (seconds): 31.51
	Percent of CPU this job got: 738%
	Elapsed (wall clock) time (h:mm:ss or m:ss): 9:46.84
	Average shared text size (kbytes): 0
	Average unshared data size (kbytes): 0
	Average stack size (kbytes): 0
	Average total size (kbytes): 0
	Maximum resident set size (kbytes): 27522344
	Average resident set size (kbytes): 0
	Major (requiring I/O) page faults: 0
	Minor (reclaiming a frame) page faults: 468225
	Voluntary context switches: 520819
	Involuntary context switches: 11279
	Swaps: 0
	File system inputs: 0
	File system outputs: 0
	Socket messages sent: 0
	Socket messages received: 0
	Signals delivered: 0
	Page size (bytes): 4096
	Exit status: 0
