	STAR --runThreadN 8 --runMode alignReads --outFilterMultimapNmax 3 --outSAMunmapped Within KeepPairs --alignIntronMax 1000000 --alignMatesGapMax 1000000 --readFilesCommand zcat --readFilesIn /projects/bgmp/shared/2017_sequencing/demultiplexed/31_4F_fox_S22_L008_R1_001.fastq.gz /projects/bgmp/shared/2017_sequencing/demultiplexed/31_4F_fox_S22_L008_R2_001.fastq.gz --genomeDir /projects/bgmp/czakari2/bioinformatics/Bi623/ass/qaa/Mus_musculus.GRCm39.dna.ens104.STAR_2.7.9a --outFileNamePrefix /projects/bgmp/czakari2/bioinformatics/Bi623/ass/qaa/star_31_4F/31_4F_
	STAR version: 2.7.9a   compiled: 2021-05-04T09:43:56-0400 vega:/home/dobin/data/STAR/STARcode/STAR.master/source
Sep 01 22:17:59 ..... started STAR run
Sep 01 22:17:59 ..... loading genome
Sep 01 22:18:09 ..... started mapping
Sep 01 22:18:53 ..... finished mapping
Sep 01 22:18:53 ..... finished successfully
	Command being timed: "STAR --runThreadN 8 --runMode alignReads --outFilterMultimapNmax 3 --outSAMunmapped Within KeepPairs --alignIntronMax 1000000 --alignMatesGapMax 1000000 --readFilesCommand zcat --readFilesIn /projects/bgmp/shared/2017_sequencing/demultiplexed/31_4F_fox_S22_L008_R1_001.fastq.gz /projects/bgmp/shared/2017_sequencing/demultiplexed/31_4F_fox_S22_L008_R2_001.fastq.gz --genomeDir /projects/bgmp/czakari2/bioinformatics/Bi623/ass/qaa/Mus_musculus.GRCm39.dna.ens104.STAR_2.7.9a --outFileNamePrefix /projects/bgmp/czakari2/bioinformatics/Bi623/ass/qaa/star_31_4F/31_4F_"
	User time (seconds): 307.92
	System time (seconds): 10.15
	Percent of CPU this job got: 588%
	Elapsed (wall clock) time (h:mm:ss or m:ss): 0:54.02
	Average shared text size (kbytes): 0
	Average unshared data size (kbytes): 0
	Average stack size (kbytes): 0
	Average total size (kbytes): 0
	Maximum resident set size (kbytes): 27339676
	Average resident set size (kbytes): 0
	Major (requiring I/O) page faults: 0
	Minor (reclaiming a frame) page faults: 157112
	Voluntary context switches: 27674
	Involuntary context switches: 454
	Swaps: 0
	File system inputs: 0
	File system outputs: 0
	Socket messages sent: 0
	Socket messages received: 0
	Signals delivered: 0
	Page size (bytes): 4096
	Exit status: 0
