This is cutadapt 3.4 with Python 3.9.6
Command line parameters: -j 4 /projects/bgmp/shared/2017_sequencing/demultiplexed/10_2G_both_S8_L008_R1_001.fastq.gz /projects/bgmp/shared/2017_sequencing/demultiplexed/10_2G_both_S8_L008_R2_001.fastq.gz -a AGATCGGAAGAGCACACGTCTGAACTCCAGTCA -A AGATCGGAAGAGCGTCGTGTAGGGAAAGAGTGT -o /projects/bgmp/czakari2/bioinformatics/Bi623/ass/qaa/10_2G_both_S8_L008_R1_001_AT.fastq.gz -p /projects/bgmp/czakari2/bioinformatics/Bi623/ass/qaa/10_2G_both_S8_L008_R2_001_AT.fastq.gz
Processing reads on 4 cores in paired-end mode ...
Finished in 447.06 s (5 µs/read; 10.94 M reads/minute).

=== Summary ===

Total read pairs processed:         81,477,069
  Read 1 with adapter:               2,131,954 (2.6%)
  Read 2 with adapter:               2,770,901 (3.4%)
Pairs written (passing filters):    81,477,069 (100.0%)

Total basepairs processed: 16,458,367,938 bp
  Read 1: 8,229,183,969 bp
  Read 2: 8,229,183,969 bp
Total written (filtered):  16,434,424,025 bp (99.9%)
  Read 1: 8,218,682,322 bp
  Read 2: 8,215,741,703 bp

=== First read: Adapter 1 ===

Sequence: AGATCGGAAGAGCACACGTCTGAACTCCAGTCA; Type: regular 3'; Length: 33; Trimmed: 2131954 times

No. of allowed errors:
1-9 bp: 0; 10-19 bp: 1; 20-29 bp: 2; 30-33 bp: 3

Bases preceding removed adapters:
  A: 24.5%
  C: 31.6%
  G: 27.9%
  T: 15.9%
  none/other: 0.1%

Overview of removed sequences
length	count	expect	max.err	error counts
3	1490599	1273079.2	0	1490599
4	328560	318269.8	0	328560
5	88145	79567.5	0	88145
6	20294	19891.9	0	20294
7	16391	4973.0	0	16391
8	13913	1243.2	0	13913
9	14255	310.8	0	12659 1596
10	13627	77.7	1	11572 2055
11	11616	19.4	1	10595 1021
12	10497	4.9	1	9872 625
13	9310	1.2	1	8884 426
14	8417	0.3	1	8113 304
15	8055	0.1	1	7773 282
16	7315	0.0	1	6994 321
17	6380	0.0	1	6125 255
18	6150	0.0	1	5876 262 12
19	5595	0.0	1	5343 231 21
20	5026	0.0	2	4743 228 55
21	4817	0.0	2	4558 211 48
22	4445	0.0	2	4184 205 56
23	4045	0.0	2	3794 208 43
24	3757	0.0	2	3528 178 51
25	3391	0.0	2	3174 169 48
26	3208	0.0	2	2988 187 33
27	2865	0.0	2	2686 135 39 5
28	2692	0.0	2	2500 148 41 3
29	2335	0.0	2	2155 134 41 5
30	2304	0.0	3	2111 137 39 17
31	2115	0.0	3	1937 128 28 22
32	1967	0.0	3	1774 128 43 22
33	1808	0.0	3	1646 112 33 17
34	1634	0.0	3	1472 119 27 16
35	1453	0.0	3	1306 93 32 22
36	1459	0.0	3	1339 82 23 15
37	1400	0.0	3	1256 100 28 16
38	1242	0.0	3	1121 74 30 17
39	1255	0.0	3	1138 62 26 29
40	1127	0.0	3	1017 69 18 23
41	962	0.0	3	852 70 18 22
42	973	0.0	3	890 47 21 15
43	933	0.0	3	849 51 22 11
44	770	0.0	3	680 59 24 7
45	770	0.0	3	699 48 10 13
46	778	0.0	3	693 50 23 12
47	664	0.0	3	608 32 13 11
48	680	0.0	3	601 42 17 20
49	648	0.0	3	575 39 15 19
50	587	0.0	3	532 32 11 12
51	537	0.0	3	462 47 15 13
52	517	0.0	3	467 25 17 8
53	502	0.0	3	434 35 18 15
54	494	0.0	3	436 29 15 14
55	437	0.0	3	364 36 21 16
56	397	0.0	3	337 31 15 14
57	365	0.0	3	308 25 18 14
58	361	0.0	3	305 30 14 12
59	364	0.0	3	308 32 12 12
60	345	0.0	3	303 25 9 8
61	324	0.0	3	283 20 13 8
62	259	0.0	3	223 20 13 3
63	276	0.0	3	239 23 9 5
64	215	0.0	3	184 21 5 5
65	230	0.0	3	189 18 12 11
66	210	0.0	3	184 13 7 6
67	200	0.0	3	181 12 2 5
68	174	0.0	3	147 11 8 8
69	185	0.0	3	162 12 5 6
70	160	0.0	3	132 18 4 6
71	156	0.0	3	140 8 5 3
72	135	0.0	3	114 14 1 6
73	153	0.0	3	128 14 7 4
74	94	0.0	3	78 5 4 7
75	79	0.0	3	70 7 2
76	82	0.0	3	61 8 9 4
77	56	0.0	3	43 5 6 2
78	58	0.0	3	47 6 2 3
79	56	0.0	3	45 6 4 1
80	32	0.0	3	28 1 3
81	26	0.0	3	22 3 1
82	29	0.0	3	24 2 1 2
83	30	0.0	3	26 4
84	20	0.0	3	18 2
85	31	0.0	3	29 1 0 1
86	12	0.0	3	12
87	20	0.0	3	19 0 0 1
88	15	0.0	3	15
89	9	0.0	3	8 1
90	12	0.0	3	12
91	10	0.0	3	9 0 0 1
92	8	0.0	3	7 1
93	4	0.0	3	4
94	6	0.0	3	4 0 0 2
95	6	0.0	3	6
96	11	0.0	3	9 0 2
97	7	0.0	3	4 0 1 2
98	12	0.0	3	9 2 1
99	3	0.0	3	1 1 0 1
100	3	0.0	3	2 0 1
101	2998	0.0	3	6 2572 394 26


=== Second read: Adapter 2 ===

Sequence: AGATCGGAAGAGCGTCGTGTAGGGAAAGAGTGT; Type: regular 3'; Length: 33; Trimmed: 2770901 times

No. of allowed errors:
1-9 bp: 0; 10-19 bp: 1; 20-29 bp: 2; 30-33 bp: 3

Bases preceding removed adapters:
  A: 30.5%
  C: 29.4%
  G: 29.6%
  T: 10.3%
  none/other: 0.1%

Overview of removed sequences
length	count	expect	max.err	error counts
3	2000545	1273079.2	0	2000545
4	398372	318269.8	0	398372
5	108181	79567.5	0	108181
6	30043	19891.9	0	30043
7	17425	4973.0	0	17425
8	14386	1243.2	0	14386
9	15853	310.8	0	13026 2827
10	15410	77.7	1	12105 3305
11	13359	19.4	1	11141 2218
12	11368	4.9	1	10313 1055
13	9773	1.2	1	9356 417
14	8898	0.3	1	8552 346
15	8525	0.1	1	8041 484
16	7810	0.0	1	7433 377
17	6838	0.0	1	6481 357
18	6535	0.0	1	6173 348 14
19	5934	0.0	1	5676 244 14
20	5445	0.0	2	5027 299 119
21	5218	0.0	2	4837 290 91
22	4921	0.0	2	4532 290 99
23	4473	0.0	2	4102 257 114
24	4191	0.0	2	3815 269 107
25	3763	0.0	2	3411 264 88
26	3602	0.0	2	3302 215 85
27	3200	0.0	2	2902 201 96 1
28	3076	0.0	2	2789 185 93 9
29	2735	0.0	2	2414 208 102 11
30	2768	0.0	3	2405 201 93 69
31	2516	0.0	3	2131 219 91 75
32	2360	0.0	3	2023 195 82 60
33	2217	0.0	3	1890 181 81 65
34	2023	0.0	3	1726 157 85 55
35	1847	0.0	3	1528 174 76 69
36	1825	0.0	3	1549 148 70 58
37	1749	0.0	3	1452 147 83 67
38	1587	0.0	3	1332 165 44 46
39	1650	0.0	3	1356 143 89 62
40	1503	0.0	3	1241 134 67 61
41	1371	0.0	3	1091 143 66 71
42	1299	0.0	3	1053 115 61 70
43	1331	0.0	3	1041 159 75 56
44	1115	0.0	3	897 110 51 57
45	1088	0.0	3	878 106 52 52
46	1147	0.0	3	886 132 63 66
47	989	0.0	3	759 113 68 49
48	1053	0.0	3	809 135 58 51
49	964	0.0	3	761 98 58 47
50	882	0.0	3	700 91 44 47
51	893	0.0	3	669 113 61 50
52	831	0.0	3	646 78 51 56
53	840	0.0	3	635 99 52 54
54	797	0.0	3	600 96 51 50
55	720	0.0	3	543 88 41 48
56	698	0.0	3	523 83 51 41
57	626	0.0	3	473 59 47 47
58	717	0.0	3	527 78 59 53
59	641	0.0	3	472 84 49 36
60	607	0.0	3	448 76 33 50
61	603	0.0	3	461 59 41 42
62	510	0.0	3	365 66 44 35
63	515	0.0	3	368 74 46 27
64	458	0.0	3	296 76 49 37
65	499	0.0	3	350 69 41 39
66	413	0.0	3	304 48 36 25
67	432	0.0	3	295 73 34 30
68	404	0.0	3	258 72 35 39
69	399	0.0	3	275 60 25 39
70	358	0.0	3	239 60 32 27
71	367	0.0	3	257 46 30 34
72	279	0.0	3	188 46 24 21
73	294	0.0	3	212 42 21 19
74	255	0.0	3	160 45 18 32
75	205	0.0	3	139 28 14 24
76	240	0.0	3	157 31 28 24
77	165	0.0	3	102 32 13 18
78	157	0.0	3	92 30 15 20
79	133	0.0	3	79 23 18 13
80	102	0.0	3	61 15 11 15
81	75	0.0	3	34 16 11 14
82	60	0.0	3	31 16 6 7
83	67	0.0	3	35 12 11 9
84	60	0.0	3	27 6 11 16
85	57	0.0	3	36 6 6 9
86	26	0.0	3	13 4 4 5
87	38	0.0	3	20 7 4 7
88	27	0.0	3	14 3 3 7
89	22	0.0	3	10 4 3 5
90	18	0.0	3	11 3 1 3
91	14	0.0	3	8 1 3 2
92	20	0.0	3	7 3 3 7
93	11	0.0	3	4 0 3 4
94	7	0.0	3	2 2 2 1
95	7	0.0	3	6 0 0 1
96	17	0.0	3	8 3 4 2
97	11	0.0	3	1 4 1 5
98	18	0.0	3	9 3 3 3
99	5	0.0	3	0 1 1 3
100	9	0.0	3	0 3 0 6
101	3011	0.0	3	5 2527 406 73
	Command being timed: "cutadapt -j 4 /projects/bgmp/shared/2017_sequencing/demultiplexed/10_2G_both_S8_L008_R1_001.fastq.gz /projects/bgmp/shared/2017_sequencing/demultiplexed/10_2G_both_S8_L008_R2_001.fastq.gz -a AGATCGGAAGAGCACACGTCTGAACTCCAGTCA -A AGATCGGAAGAGCGTCGTGTAGGGAAAGAGTGT -o /projects/bgmp/czakari2/bioinformatics/Bi623/ass/qaa/10_2G_both_S8_L008_R1_001_AT.fastq.gz -p /projects/bgmp/czakari2/bioinformatics/Bi623/ass/qaa/10_2G_both_S8_L008_R2_001_AT.fastq.gz"
	User time (seconds): 3123.05
	System time (seconds): 84.85
	Percent of CPU this job got: 717%
	Elapsed (wall clock) time (h:mm:ss or m:ss): 7:27.15
	Average shared text size (kbytes): 0
	Average unshared data size (kbytes): 0
	Average stack size (kbytes): 0
	Average total size (kbytes): 0
	Maximum resident set size (kbytes): 921424
	Average resident set size (kbytes): 0
	Major (requiring I/O) page faults: 0
	Minor (reclaiming a frame) page faults: 16210804
	Voluntary context switches: 3166092
	Involuntary context switches: 275419
	Swaps: 0
	File system inputs: 0
	File system outputs: 0
	Socket messages sent: 0
	Socket messages received: 0
	Signals delivered: 0
	Page size (bytes): 4096
	Exit status: 0
This is cutadapt 3.4 with Python 3.9.6
Command line parameters: -j 4 /projects/bgmp/shared/2017_sequencing/demultiplexed/31_4F_fox_S22_L008_R1_001.fastq.gz /projects/bgmp/shared/2017_sequencing/demultiplexed/31_4F_fox_S22_L008_R2_001.fastq.gz -a AGATCGGAAGAGCACACGTCTGAACTCCAGTCA -A AGATCGGAAGAGCGTCGTGTAGGGAAAGAGTGT -o /projects/bgmp/czakari2/bioinformatics/Bi623/ass/qaa/31_4F_fox_S22_L008_R1_001_AT.fastq.gz -p /projects/bgmp/czakari2/bioinformatics/Bi623/ass/qaa/31_4F_fox_S22_L008_R2_001_AT.fastq.gz
Processing reads on 4 cores in paired-end mode ...
Finished in 21.98 s (6 µs/read; 10.34 M reads/minute).

=== Summary ===

Total read pairs processed:          3,788,343
  Read 1 with adapter:                 456,168 (12.0%)
  Read 2 with adapter:                 482,503 (12.7%)
Pairs written (passing filters):     3,788,343 (100.0%)

Total basepairs processed:   765,245,286 bp
  Read 1:   382,622,643 bp
  Read 2:   382,622,643 bp
Total written (filtered):    740,901,113 bp (96.8%)
  Read 1:   370,502,712 bp
  Read 2:   370,398,401 bp

=== First read: Adapter 1 ===

Sequence: AGATCGGAAGAGCACACGTCTGAACTCCAGTCA; Type: regular 3'; Length: 33; Trimmed: 456168 times

No. of allowed errors:
1-9 bp: 0; 10-19 bp: 1; 20-29 bp: 2; 30-33 bp: 3

Bases preceding removed adapters:
  A: 12.6%
  C: 28.1%
  G: 38.2%
  T: 14.2%
  none/other: 6.9%

Overview of removed sequences
length	count	expect	max.err	error counts
3	72536	59192.9	0	72536
4	21838	14798.2	0	21838
5	12197	3699.6	0	12197
6	9423	924.9	0	9423
7	9006	231.2	0	9006
8	8919	57.8	0	8919
9	8806	14.5	0	8720 86
10	9182	3.6	1	8880 302
11	8883	0.9	1	8626 257
12	8757	0.2	1	8477 280
13	8569	0.1	1	8343 226
14	8510	0.0	1	8250 260
15	8335	0.0	1	8062 273
16	8343	0.0	1	8031 312
17	8082	0.0	1	7762 320
18	8040	0.0	1	7736 285 19
19	7891	0.0	1	7571 305 15
20	7714	0.0	2	7396 281 37
21	7600	0.0	2	7267 297 36
22	7697	0.0	2	7316 336 45
23	7409	0.0	2	7065 298 46
24	7328	0.0	2	6941 315 72
25	7272	0.0	2	6901 311 60
26	7254	0.0	2	6874 333 47
27	6941	0.0	2	6523 359 52 7
28	6756	0.0	2	6380 324 39 13
29	6627	0.0	2	6226 325 60 16
30	6441	0.0	3	6022 342 49 28
31	6446	0.0	3	6049 335 45 17
32	6207	0.0	3	5826 310 53 18
33	6057	0.0	3	5667 325 48 17
34	6050	0.0	3	5692 307 35 16
35	5715	0.0	3	5356 292 50 17
36	5595	0.0	3	5270 255 27 43
37	5527	0.0	3	5199 258 37 33
38	5290	0.0	3	4978 265 32 15
39	5046	0.0	3	4741 237 30 38
40	4777	0.0	3	4485 233 35 24
41	4596	0.0	3	4310 239 30 17
42	4335	0.0	3	4081 213 23 18
43	4112	0.0	3	3900 177 17 18
44	3719	0.0	3	3494 187 22 16
45	3602	0.0	3	3394 171 21 16
46	3424	0.0	3	3243 151 17 13
47	3193	0.0	3	3014 146 18 15
48	3038	0.0	3	2877 143 10 8
49	2880	0.0	3	2728 139 9 4
50	2561	0.0	3	2408 133 13 7
51	2478	0.0	3	2328 117 21 12
52	2226	0.0	3	2102 109 12 3
53	2105	0.0	3	2001 91 7 6
54	1841	0.0	3	1744 72 15 10
55	1646	0.0	3	1560 69 10 7
56	1525	0.0	3	1456 58 4 7
57	1479	0.0	3	1412 59 4 4
58	1376	0.0	3	1321 49 3 3
59	1318	0.0	3	1252 50 12 4
60	1215	0.0	3	1171 32 8 4
61	1108	0.0	3	1045 54 5 4
62	1000	0.0	3	952 40 6 2
63	926	0.0	3	891 30 2 3
64	809	0.0	3	770 32 4 3
65	769	0.0	3	719 40 5 5
66	672	0.0	3	634 36 1 1
67	570	0.0	3	539 27 1 3
68	562	0.0	3	541 18 2 1
69	533	0.0	3	508 22 2 1
70	468	0.0	3	446 21 1
71	385	0.0	3	368 14 1 2
72	361	0.0	3	348 13
73	297	0.0	3	283 13 1
74	224	0.0	3	214 10
75	122	0.0	3	118 4
76	95	0.0	3	87 7 1
77	69	0.0	3	65 4
78	47	0.0	3	45 0 2
79	32	0.0	3	31 1
80	19	0.0	3	18 1
81	9	0.0	3	9
82	4	0.0	3	4
83	6	0.0	3	5 0 0 1
84	2	0.0	3	2
85	3	0.0	3	2 1
86	6	0.0	3	6
87	5	0.0	3	5
88	1	0.0	3	1
89	11	0.0	3	10 1
91	4	0.0	3	4
92	3	0.0	3	2 0 1
93	2	0.0	3	2
94	3	0.0	3	3
95	5	0.0	3	5
96	5	0.0	3	5
97	1	0.0	3	1
98	1	0.0	3	1
99	2	0.0	3	2
101	31292	0.0	3	0 28682 2427 183


=== Second read: Adapter 2 ===

Sequence: AGATCGGAAGAGCGTCGTGTAGGGAAAGAGTGT; Type: regular 3'; Length: 33; Trimmed: 482503 times

No. of allowed errors:
1-9 bp: 0; 10-19 bp: 1; 20-29 bp: 2; 30-33 bp: 3

Bases preceding removed adapters:
  A: 13.2%
  C: 29.5%
  G: 41.9%
  T: 9.0%
  none/other: 6.5%

Overview of removed sequences
length	count	expect	max.err	error counts
3	92736	59192.9	0	92736
4	25200	14798.2	0	25200
5	13208	3699.6	0	13208
6	9908	924.9	0	9908
7	9096	231.2	0	9096
8	8964	57.8	0	8964
9	8917	14.5	0	8795 122
10	9284	3.6	1	8935 349
11	8972	0.9	1	8735 237
12	8802	0.2	1	8561 241
13	8611	0.1	1	8383 228
14	8552	0.0	1	8339 213
15	8383	0.0	1	8078 305
16	8376	0.0	1	8139 237
17	8126	0.0	1	7870 256
18	8066	0.0	1	7718 337 11
19	7921	0.0	1	7632 277 12
20	7748	0.0	2	7407 299 42
21	7617	0.0	2	7312 273 32
22	7740	0.0	2	7396 306 38
23	7441	0.0	2	7121 281 39
24	7359	0.0	2	6985 336 38
25	7306	0.0	2	6932 329 45
26	7279	0.0	2	6911 319 49
27	6983	0.0	2	6634 300 42 7
28	6772	0.0	2	6403 297 67 5
29	6654	0.0	2	6317 294 36 7
30	6458	0.0	3	6085 310 49 14
31	6456	0.0	3	6023 350 57 26
32	6224	0.0	3	5873 291 51 9
33	6068	0.0	3	5724 284 48 12
34	6081	0.0	3	5740 273 50 18
35	5733	0.0	3	5439 253 31 10
36	5618	0.0	3	5291 269 41 17
37	5529	0.0	3	5197 279 37 16
38	5291	0.0	3	5000 250 24 17
39	5041	0.0	3	4723 273 31 14
40	4788	0.0	3	4534 199 38 17
41	4599	0.0	3	4373 193 24 9
42	4340	0.0	3	4114 183 26 17
43	4118	0.0	3	3878 206 19 15
44	3714	0.0	3	3530 154 20 10
45	3604	0.0	3	3408 174 9 13
46	3427	0.0	3	3246 152 23 6
47	3195	0.0	3	3012 164 11 8
48	3042	0.0	3	2870 149 11 12
49	2884	0.0	3	2733 123 16 12
50	2573	0.0	3	2421 123 18 11
51	2485	0.0	3	2334 132 11 8
52	2233	0.0	3	2116 99 14 4
53	2117	0.0	3	2005 94 15 3
54	1851	0.0	3	1745 86 17 3
55	1654	0.0	3	1565 76 8 5
56	1526	0.0	3	1427 81 10 8
57	1490	0.0	3	1408 67 11 4
58	1377	0.0	3	1288 77 7 5
59	1320	0.0	3	1239 73 4 4
60	1217	0.0	3	1150 57 6 4
61	1119	0.0	3	1048 61 8 2
62	998	0.0	3	949 43 2 4
63	935	0.0	3	882 46 3 4
64	812	0.0	3	756 48 5 3
65	775	0.0	3	728 37 5 5
66	672	0.0	3	625 39 6 2
67	580	0.0	3	541 32 6 1
68	572	0.0	3	543 21 6 2
69	537	0.0	3	503 29 4 1
70	472	0.0	3	441 27 4
71	392	0.0	3	367 22 3
72	365	0.0	3	342 16 5 2
73	298	0.0	3	288 7 2 1
74	231	0.0	3	218 8 3 2
75	125	0.0	3	116 9
76	98	0.0	3	93 3 2
77	74	0.0	3	67 5 2
78	49	0.0	3	43 2 1 3
79	34	0.0	3	32 0 1 1
80	19	0.0	3	18 1
81	9	0.0	3	9
82	6	0.0	3	5 0 0 1
83	7	0.0	3	6 0 1
84	2	0.0	3	2
85	3	0.0	3	3
86	6	0.0	3	5 1
87	5	0.0	3	4 1
88	1	0.0	3	1
89	10	0.0	3	10
91	4	0.0	3	4
92	3	0.0	3	2 1
93	2	0.0	3	1 1
94	3	0.0	3	2 1
95	6	0.0	3	3 2 0 1
96	6	0.0	3	4 1 0 1
97	1	0.0	3	0 1
98	1	0.0	3	0 1
99	2	0.0	3	2
100	1	0.0	3	0 0 0 1
101	31194	0.0	3	1 28284 2675 234
	Command being timed: "cutadapt -j 4 /projects/bgmp/shared/2017_sequencing/demultiplexed/31_4F_fox_S22_L008_R1_001.fastq.gz /projects/bgmp/shared/2017_sequencing/demultiplexed/31_4F_fox_S22_L008_R2_001.fastq.gz -a AGATCGGAAGAGCACACGTCTGAACTCCAGTCA -A AGATCGGAAGAGCGTCGTGTAGGGAAAGAGTGT -o /projects/bgmp/czakari2/bioinformatics/Bi623/ass/qaa/31_4F_fox_S22_L008_R1_001_AT.fastq.gz -p /projects/bgmp/czakari2/bioinformatics/Bi623/ass/qaa/31_4F_fox_S22_L008_R2_001_AT.fastq.gz"
	User time (seconds): 149.48
	System time (seconds): 4.70
	Percent of CPU this job got: 698%
	Elapsed (wall clock) time (h:mm:ss or m:ss): 0:22.07
	Average shared text size (kbytes): 0
	Average unshared data size (kbytes): 0
	Average stack size (kbytes): 0
	Average total size (kbytes): 0
	Maximum resident set size (kbytes): 578072
	Average resident set size (kbytes): 0
	Major (requiring I/O) page faults: 0
	Minor (reclaiming a frame) page faults: 713403
	Voluntary context switches: 148568
	Involuntary context switches: 174502
	Swaps: 0
	File system inputs: 0
	File system outputs: 0
	Socket messages sent: 0
	Socket messages received: 0
	Signals delivered: 0
	Page size (bytes): 4096
	Exit status: 0
