	STAR --runThreadN 8 --runMode genomeGenerate --genomeDir /projects/bgmp/czakari2/bioinformatics/Bi623/ass/qaa/Mus_musculus.GRCm39.dna.ens104.STAR_2.7.9a --genomeFastaFiles /projects/bgmp/czakari2/bioinformatics/Bi623/ass/qaa/mus/Mus_musculus.GRCm39.dna.primary_assembly.fa --sjdbGTFfile /projects/bgmp/czakari2/bioinformatics/Bi623/ass/qaa/Mus_musculus.GRCm39.104.gtf
	STAR version: 2.7.9a   compiled: 2021-05-04T09:43:56-0400 vega:/home/dobin/data/STAR/STARcode/STAR.master/source
Sep 01 21:33:26 ..... started STAR run
Sep 01 21:33:26 ... starting to generate Genome files
Sep 01 21:34:05 ..... processing annotations GTF
Sep 01 21:34:24 ... starting to sort Suffix Array. This may take a long time...
Sep 01 21:34:36 ... sorting Suffix Array chunks and saving them to disk...
Sep 01 21:45:30 ... loading chunks from disk, packing SA...
Sep 01 21:46:15 ... finished generating suffix array
Sep 01 21:46:15 ... generating Suffix Array index
Sep 01 21:48:52 ... completed Suffix Array index
Sep 01 21:48:53 ..... inserting junctions into the genome indices
Sep 01 21:51:04 ... writing Genome to disk ...
Sep 01 21:51:05 ... writing Suffix Array to disk ...
Sep 01 21:51:12 ... writing SAindex to disk
Sep 01 21:51:12 ..... finished successfully
	Command being timed: "STAR --runThreadN 8 --runMode genomeGenerate --genomeDir /projects/bgmp/czakari2/bioinformatics/Bi623/ass/qaa/Mus_musculus.GRCm39.dna.ens104.STAR_2.7.9a --genomeFastaFiles /projects/bgmp/czakari2/bioinformatics/Bi623/ass/qaa/mus/Mus_musculus.GRCm39.dna.primary_assembly.fa --sjdbGTFfile /projects/bgmp/czakari2/bioinformatics/Bi623/ass/qaa/Mus_musculus.GRCm39.104.gtf"
	User time (seconds): 5614.20
	System time (seconds): 54.37
	Percent of CPU this job got: 531%
	Elapsed (wall clock) time (h:mm:ss or m:ss): 17:46.53
	Average shared text size (kbytes): 0
	Average unshared data size (kbytes): 0
	Average stack size (kbytes): 0
	Average total size (kbytes): 0
	Maximum resident set size (kbytes): 32290796
	Average resident set size (kbytes): 0
	Major (requiring I/O) page faults: 0
	Minor (reclaiming a frame) page faults: 296713
	Voluntary context switches: 34127
	Involuntary context switches: 4225
	Swaps: 0
	File system inputs: 0
	File system outputs: 0
	Socket messages sent: 0
	Socket messages received: 0
	Signals delivered: 0
	Page size (bytes): 4096
	Exit status: 0
